To honour the JVM settings for this build a single-use Daemon process will be forked. For more on this, please refer to https://docs.gradle.org/9.3.1/userguide/gradle_daemon.html#sec:disabling_the_daemon in the Gradle documentation.
Daemon will be stopped at the end of the build 
> Task :app:preBuild UP-TO-DATE
> Task :app:preDebugBuild UP-TO-DATE
> Task :app:mergeDebugNativeDebugMetadata NO-SOURCE
> Task :app:generateDebugResources UP-TO-DATE
> Task :app:packageDebugResources UP-TO-DATE
> Task :app:processDebugNavigationResources UP-TO-DATE
> Task :app:parseDebugLocalResources UP-TO-DATE
> Task :app:generateDebugRFile UP-TO-DATE
> Task :app:javaPreCompileDebug UP-TO-DATE
> Task :app:generateDebugAssets UP-TO-DATE
> Task :app:mergeDebugAssets UP-TO-DATE
> Task :app:compressDebugAssets UP-TO-DATE
> Task :app:checkDebugDuplicateClasses UP-TO-DATE
> Task :app:desugarDebugFileDependencies UP-TO-DATE
> Task :app:mergeExtDexDebug UP-TO-DATE
> Task :app:mergeLibDexDebug UP-TO-DATE
> Task :app:checkDebugAarMetadata UP-TO-DATE
> Task :app:mapDebugSourceSetPaths UP-TO-DATE
> Task :app:compileDebugNavigationResources UP-TO-DATE
> Task :app:mergeDebugResources UP-TO-DATE
> Task :app:createDebugCompatibleScreenManifests UP-TO-DATE
> Task :app:extractDeepLinksDebug UP-TO-DATE
> Task :app:processDebugMainManifest UP-TO-DATE
> Task :app:processDebugManifest UP-TO-DATE
> Task :app:processDebugManifestForPackage UP-TO-DATE
> Task :app:processDebugResources UP-TO-DATE
> Task :app:mergeDebugJniLibFolders UP-TO-DATE
> Task :app:mergeDebugNativeLibs UP-TO-DATE
> Task :app:stripDebugDebugSymbols UP-TO-DATE
> Task :app:validateSigningDebug UP-TO-DATE
> Task :app:writeDebugAppMetadata UP-TO-DATE
> Task :app:writeDebugSigningConfigVersions UP-TO-DATE

> Task :app:compileDebugKotlin
w: file:///D:/ostromgep%20app/app/src/main/java/com/ateszk0/ostromgep/MainActivity.kt:68:122 'constructor(p0: String!): Locale' is deprecated. Deprecated in Java.
w: file:///D:/ostromgep%20app/app/src/main/java/com/ateszk0/ostromgep/MainActivity.kt:271:161 'fun EnterTransition.with(exit: ExitTransition): ContentTransform' is deprecated. Infix fun EnterTransition.with(ExitTransition) has been renamed to togetherWith.
w: file:///D:/ostromgep%20app/app/src/main/java/com/ateszk0/ostromgep/ui/components/Dialogs.kt:84:73 'val outlinedButtonBorder: BorderStroke' is deprecated. Please use the version that takes an `enabled` param to get the `BorderStroke` with the correct opacity.
w: file:///D:/ostromgep%20app/app/src/main/java/com/ateszk0/ostromgep/ui/components/Dialogs.kt:157:48 'val Icons.Filled.ArrowBack: ImageVector' is deprecated. Use the AutoMirrored version at Icons.AutoMirrored.Filled.ArrowBack.
w: file:///D:/ostromgep%20app/app/src/main/java/com/ateszk0/ostromgep/ui/components/Dialogs.kt:284:48 'val Icons.Filled.ArrowBack: ImageVector' is deprecated. Use the AutoMirrored version at Icons.AutoMirrored.Filled.ArrowBack.
w: file:///D:/ostromgep%20app/app/src/main/java/com/ateszk0/ostromgep/ui/components/Dialogs.kt:482:52 'fun Divider(modifier: Modifier = ..., thickness: Dp = ..., color: Color = ...): Unit' is deprecated. Renamed to HorizontalDivider.
w: file:///D:/ostromgep%20app/app/src/main/java/com/ateszk0/ostromgep/ui/components/Dialogs.kt:492:158 'constructor(p0: String!): Locale' is deprecated. Deprecated in Java.
w: file:///D:/ostromgep%20app/app/src/main/java/com/ateszk0/ostromgep/ui/components/Dialogs.kt:499:33 'fun Divider(modifier: Modifier = ..., thickness: Dp = ..., color: Color = ...): Unit' is deprecated. Renamed to HorizontalDivider.
w: file:///D:/ostromgep%20app/app/src/main/java/com/ateszk0/ostromgep/ui/components/Dialogs.kt:503:158 'constructor(p0: String!): Locale' is deprecated. Deprecated in Java.
w: file:///D:/ostromgep%20app/app/src/main/java/com/ateszk0/ostromgep/ui/components/Dialogs.kt:526:33 'fun Divider(modifier: Modifier = ..., thickness: Dp = ..., color: Color = ...): Unit' is deprecated. Renamed to HorizontalDivider.
w: file:///D:/ostromgep%20app/app/src/main/java/com/ateszk0/ostromgep/ui/screens/DashboardScreen.kt:100:86 'val Icons.Filled.FormatListBulleted: ImageVector' is deprecated. Use the AutoMirrored version at Icons.AutoMirrored.Filled.FormatListBulleted.
w: file:///D:/ostromgep%20app/app/src/main/java/com/ateszk0/ostromgep/ui/screens/WorkoutLogScreen.kt:117:44 'val Icons.Filled.ArrowBack: ImageVector' is deprecated. Use the AutoMirrored version at Icons.AutoMirrored.Filled.ArrowBack.

> Task :app:compileDebugJavaWithJavac NO-SOURCE
> Task :app:processDebugJavaRes
> Task :app:mergeDebugJavaResource
> Task :app:dexBuilderDebug
> Task :app:mergeProjectDexDebug
> Task :app:packageDebug
> Task :app:createDebugApkListingFileRedirect
> Task :app:assembleDebug

BUILD SUCCESSFUL in 41s
35 actionable tasks: 7 executed, 28 up-to-date
Consider enabling configuration cache to speed up this build: https://docs.gradle.org/9.3.1/userguide/configuration_cache_enabling.html
